<?xml version="1.0" encoding="UTF-8"?>
<!-- Generated by org.testng.reporters.JUnitReportReporter -->
<testsuite skipped="0" hostname="DESKTOP-HJ86OUE" name="variousConcepts.CrmTest" tests="2" failures="0" timestamp="2022-03-17T01:37:08 PDT" time="12.753" errors="0">
  <testcase name="loginTest" time="6.317" classname="variousConcepts.CrmTest"/>
  <system-out/>
  <testcase name="addCustomerTest" time="6.436" classname="variousConcepts.CrmTest"/>
  <system-out/>
</testsuite> <!-- variousConcepts.CrmTest -->
