<?xml version="1.0" encoding="UTF-8"?>
<!-- Generated by org.testng.reporters.JUnitReportReporter -->
<testsuite skipped="0" hostname="DESKTOP-HJ86OUE" name="variousConcepts.CrmTest" tests="2" failures="0" timestamp="2022-03-17T02:23:48 PDT" time="14.370" errors="0">
  <testcase name="loginTest" time="5.582" classname="variousConcepts.CrmTest"/>
  <system-out/>
  <testcase name="addCustomerTest" time="8.788" classname="variousConcepts.CrmTest"/>
  <system-out/>
</testsuite> <!-- variousConcepts.CrmTest -->
